# JRE version: OpenJDK Runtime Environment Temurin-21.0.10+7 (21.0.10+7) (build 21.0.10+7-LTS)
# Java VM: OpenJDK 64-Bit Server VM Temurin-21.0.10+7 (21.0.10+7-LTS, mixed mode, sharing, tiered, compressed oops, compressed class ptrs, g1 gc, windows-amd64)
GC Precious Log:
 CardTable entry size: 512
 Card Set container configuration: InlinePtr #cards 4 size 8 Array Of Cards #cards 16 size 48 Howl #buckets 8 coarsen threshold 3686 Howl Bitmap #cards 512 size 80 coarsen threshold 460 Card regions per heap region 1 cards per card region 4096
 CPUs: 20 total, 20 available
 Memory: 16125M
 Large Page Support: Disabled
 NUMA Support: Disabled
 Compressed Oops: Enabled (Zero based)
 Heap Region Size: 2M
 Heap Min Capacity: 8M
 Heap Initial Capacity: 252M
 Heap Max Capacity: 4032M
 Pre-touch: Disabled
 Parallel Workers: 15
 Concurrent Workers: 4
 Concurrent Refinement Workers: 15
 Periodic GC: Disabled
Heap:
 garbage-first heap   total 65536K, used 30773K [0x0000000704000000, 0x0000000800000000)
  region size 2048K, 8 young (16384K), 2 survivors (4096K)
 Metaspace       used 32628K, committed 33152K, reserved 1114112K
  class space    used 4272K, committed 4544K, reserved 1048576K
GC Heap History (10 events):
Event: 0.323 GC heap before
{Heap before GC invocations=0 (full 0):
 garbage-first heap   total 258048K, used 20480K [0x0000000704000000, 0x0000000800000000)
  region size 2048K, 11 young (22528K), 0 survivors (0K)
 Metaspace       used 4138K, committed 4288K, reserved 1114112K
  class space    used 473K, committed 512K, reserved 1048576K
}
Event: 0.326 GC heap after
{Heap after GC invocations=1 (full 0):
 garbage-first heap   total 258048K, used 7203K [0x0000000704000000, 0x0000000800000000)
  region size 2048K, 2 young (4096K), 2 survivors (4096K)
 Metaspace       used 4138K, committed 4288K, reserved 1114112K
  class space    used 473K, committed 512K, reserved 1048576K
}
Event: 0.631 GC heap before
{Heap before GC invocations=1 (full 0):
 garbage-first heap   total 258048K, used 29731K [0x0000000704000000, 0x0000000800000000)
  region size 2048K, 14 young (28672K), 2 survivors (4096K)
 Metaspace       used 10764K, committed 11136K, reserved 1114112K
  class space    used 1401K, committed 1536K, reserved 1048576K
}
Event: 0.633 GC heap after
{Heap after GC invocations=2 (full 0):
 garbage-first heap   total 258048K, used 9860K [0x0000000704000000, 0x0000000800000000)
  region size 2048K, 2 young (4096K), 2 survivors (4096K)
 Metaspace       used 10764K, committed 11136K, reserved 1114112K
  class space    used 1401K, committed 1536K, reserved 1048576K
}
Event: 1.043 GC heap before
{Heap before GC invocations=2 (full 0):
 garbage-first heap   total 258048K, used 54916K [0x0000000704000000, 0x0000000800000000)
  region size 2048K, 26 young (53248K), 2 survivors (4096K)
 Metaspace       used 21126K, committed 21504K, reserved 1114112K
  class space    used 2723K, committed 2944K, reserved 1048576K
}
Event: 1.046 GC heap after
{Heap after GC invocations=3 (full 0):
 garbage-first heap   total 258048K, used 14755K [0x0000000704000000, 0x0000000800000000)
  region size 2048K, 4 young (8192K), 4 survivors (8192K)
 Metaspace       used 21126K, committed 21504K, reserved 1114112K
  class space    used 2723K, committed 2944K, reserved 1048576K
}
Event: 1.524 GC heap before
{Heap before GC invocations=4 (full 0):
 garbage-first heap   total 55296K, used 53667K [0x0000000704000000, 0x0000000800000000)
  region size 2048K, 23 young (47104K), 4 survivors (8192K)
 Metaspace       used 25996K, committed 26432K, reserved 1114112K
  class space    used 3365K, committed 3584K, reserved 1048576K
}
Event: 1.528 GC heap after
{Heap after GC invocations=5 (full 0):
 garbage-first heap   total 65536K, used 17517K [0x0000000704000000, 0x0000000800000000)
  region size 2048K, 5 young (10240K), 5 survivors (10240K)
 Metaspace       used 25996K, committed 26432K, reserved 1114112K
  class space    used 3365K, committed 3584K, reserved 1048576K
}
Event: 1.986 GC heap before
{Heap before GC invocations=5 (full 0):
 garbage-first heap   total 65536K, used 46189K [0x0000000704000000, 0x0000000800000000)
  region size 2048K, 19 young (38912K), 5 survivors (10240K)
 Metaspace       used 30436K, committed 30976K, reserved 1114112K
  class space    used 3994K, committed 4224K, reserved 1048576K
}
Event: 1.990 GC heap after
{Heap after GC invocations=6 (full 0):
 garbage-first heap   total 65536K, used 20533K [0x0000000704000000, 0x0000000800000000)
  region size 2048K, 2 young (4096K), 2 survivors (4096K)
 Metaspace       used 30436K, committed 30976K, reserved 1114112K
  class space    used 3994K, committed 4224K, reserved 1048576K
}

