# JRE version: OpenJDK Runtime Environment Temurin-21.0.10+7 (21.0.10+7) (build 21.0.10+7-LTS)
# Java VM: OpenJDK 64-Bit Server VM Temurin-21.0.10+7 (21.0.10+7-LTS, mixed mode, sharing, tiered, compressed oops, compressed class ptrs, parallel gc, windows-amd64)
GC Precious Log:
 CardTable entry size: 512
 CPUs: 20 total, 20 available
 Memory: 16125M
 Large Page Support: Disabled
 NUMA Support: Disabled
 Compressed Oops: Enabled (32-bit)
 Alignments: Space 512K, Generation 512K, Heap 2M
 Heap Min Capacity: 100M
 Heap Initial Capacity: 100M
 Heap Max Capacity: 2G
 Pre-touch: Disabled
 Parallel Workers: 15
Heap:
 PSYoungGen      total 24064K, used 1976K [0x00000000d5580000, 0x00000000d7000000, 0x0000000100000000)
  eden space 22016K, 0% used [0x00000000d5580000,0x00000000d5580000,0x00000000d6b00000)
  from space 2048K, 96% used [0x00000000d6e00000,0x00000000d6fee378,0x00000000d7000000)
  to   space 2560K, 0% used [0x00000000d6b00000,0x00000000d6b00000,0x00000000d6d80000)
 ParOldGen       total 68608K, used 32876K [0x0000000080000000, 0x0000000084300000, 0x00000000d5580000)
  object space 68608K, 47% used [0x0000000080000000,0x000000008201b2e0,0x0000000084300000)
 Metaspace       used 34837K, committed 35840K, reserved 1114112K
  class space    used 3562K, committed 4032K, reserved 1048576K
GC Heap History (20 events):
Event: 5.743 GC heap after
{Heap after GC invocations=10 (full 1):
 PSYoungGen      total 27648K, used 5009K [0x00000000d5580000, 0x00000000d7680000, 0x0000000100000000)
  eden space 22528K, 0% used [0x00000000d5580000,0x00000000d5580000,0x00000000d6b80000)
  from space 5120K, 97% used [0x00000000d6c00000,0x00000000d70e4560,0x00000000d7100000)
  to   space 5632K, 0% used [0x00000000d7100000,0x00000000d7100000,0x00000000d7680000)
 ParOldGen       total 68608K, used 11253K [0x0000000080000000, 0x0000000084300000, 0x00000000d5580000)
  object space 68608K, 16% used [0x0000000080000000,0x0000000080afd5a8,0x0000000084300000)
 Metaspace       used 29765K, committed 30720K, reserved 1114112K
  class space    used 2970K, committed 3392K, reserved 1048576K
}
Event: 5.934 GC heap before
{Heap before GC invocations=11 (full 1):
 PSYoungGen      total 27648K, used 27537K [0x00000000d5580000, 0x00000000d7680000, 0x0000000100000000)
  eden space 22528K, 100% used [0x00000000d5580000,0x00000000d6b80000,0x00000000d6b80000)
  from space 5120K, 97% used [0x00000000d6c00000,0x00000000d70e4560,0x00000000d7100000)
  to   space 5632K, 0% used [0x00000000d7100000,0x00000000d7100000,0x00000000d7680000)
 ParOldGen       total 68608K, used 11253K [0x0000000080000000, 0x0000000084300000, 0x00000000d5580000)
  object space 68608K, 16% used [0x0000000080000000,0x0000000080afd5a8,0x0000000084300000)
 Metaspace       used 31993K, committed 32960K, reserved 1114112K
  class space    used 3211K, committed 3648K, reserved 1048576K
}
Event: 5.936 GC heap after
{Heap after GC invocations=11 (full 1):
 PSYoungGen      total 25088K, used 2982K [0x00000000d5580000, 0x00000000d7400000, 0x0000000100000000)
  eden space 22016K, 0% used [0x00000000d5580000,0x00000000d5580000,0x00000000d6b00000)
  from space 3072K, 97% used [0x00000000d7100000,0x00000000d73e9a60,0x00000000d7400000)
  to   space 4096K, 0% used [0x00000000d6c00000,0x00000000d6c00000,0x00000000d7000000)
 ParOldGen       total 68608K, used 14706K [0x0000000080000000, 0x0000000084300000, 0x00000000d5580000)
  object space 68608K, 21% used [0x0000000080000000,0x0000000080e5c928,0x0000000084300000)
 Metaspace       used 31993K, committed 32960K, reserved 1114112K
  class space    used 3211K, committed 3648K, reserved 1048576K
}
Event: 5.964 GC heap before
{Heap before GC invocations=12 (full 1):
 PSYoungGen      total 25088K, used 24998K [0x00000000d5580000, 0x00000000d7400000, 0x0000000100000000)
  eden space 22016K, 100% used [0x00000000d5580000,0x00000000d6b00000,0x00000000d6b00000)
  from space 3072K, 97% used [0x00000000d7100000,0x00000000d73e9a60,0x00000000d7400000)
  to   space 4096K, 0% used [0x00000000d6c00000,0x00000000d6c00000,0x00000000d7000000)
 ParOldGen       total 68608K, used 14706K [0x0000000080000000, 0x0000000084300000, 0x00000000d5580000)
  object space 68608K, 21% used [0x0000000080000000,0x0000000080e5c928,0x0000000084300000)
 Metaspace       used 31998K, committed 32960K, reserved 1114112K
  class space    used 3211K, committed 3648K, reserved 1048576K
}
Event: 5.966 GC heap after
{Heap after GC invocations=12 (full 1):
 PSYoungGen      total 24576K, used 2272K [0x00000000d5580000, 0x00000000d7180000, 0x0000000100000000)
  eden space 22016K, 0% used [0x00000000d5580000,0x00000000d5580000,0x00000000d6b00000)
  from space 2560K, 88% used [0x00000000d6c00000,0x00000000d6e38010,0x00000000d6e80000)
  to   space 3072K, 0% used [0x00000000d6e80000,0x00000000d6e80000,0x00000000d7180000)
 ParOldGen       total 68608K, used 17500K [0x0000000080000000, 0x0000000084300000, 0x00000000d5580000)
  object space 68608K, 25% used [0x0000000080000000,0x00000000811173a0,0x0000000084300000)
 Metaspace       used 31998K, committed 32960K, reserved 1114112K
  class space    used 3211K, committed 3648K, reserved 1048576K
}
Event: 6.038 GC heap before
{Heap before GC invocations=13 (full 1):
 PSYoungGen      total 24576K, used 24288K [0x00000000d5580000, 0x00000000d7180000, 0x0000000100000000)
  eden space 22016K, 100% used [0x00000000d5580000,0x00000000d6b00000,0x00000000d6b00000)
  from space 2560K, 88% used [0x00000000d6c00000,0x00000000d6e38010,0x00000000d6e80000)
  to   space 3072K, 0% used [0x00000000d6e80000,0x00000000d6e80000,0x00000000d7180000)
 ParOldGen       total 68608K, used 17500K [0x0000000080000000, 0x0000000084300000, 0x00000000d5580000)
  object space 68608K, 25% used [0x0000000080000000,0x00000000811173a0,0x0000000084300000)
 Metaspace       used 32456K, committed 33408K, reserved 1114112K
  class space    used 3283K, committed 3712K, reserved 1048576K
}
Event: 6.040 GC heap after
{Heap after GC invocations=13 (full 1):
 PSYoungGen      total 25088K, used 2801K [0x00000000d5580000, 0x00000000d7180000, 0x0000000100000000)
  eden space 22016K, 0% used [0x00000000d5580000,0x00000000d5580000,0x00000000d6b00000)
  from space 3072K, 91% used [0x00000000d6e80000,0x00000000d713c460,0x00000000d7180000)
  to   space 3072K, 0% used [0x00000000d6b80000,0x00000000d6b80000,0x00000000d6e80000)
 ParOldGen       total 68608K, used 19524K [0x0000000080000000, 0x0000000084300000, 0x00000000d5580000)
  object space 68608K, 28% used [0x0000000080000000,0x00000000813113a0,0x0000000084300000)
 Metaspace       used 32456K, committed 33408K, reserved 1114112K
  class space    used 3283K, committed 3712K, reserved 1048576K
}
Event: 6.070 GC heap before
{Heap before GC invocations=14 (full 1):
 PSYoungGen      total 25088K, used 24817K [0x00000000d5580000, 0x00000000d7180000, 0x0000000100000000)
  eden space 22016K, 100% used [0x00000000d5580000,0x00000000d6b00000,0x00000000d6b00000)
  from space 3072K, 91% used [0x00000000d6e80000,0x00000000d713c460,0x00000000d7180000)
  to   space 3072K, 0% used [0x00000000d6b80000,0x00000000d6b80000,0x00000000d6e80000)
 ParOldGen       total 68608K, used 19524K [0x0000000080000000, 0x0000000084300000, 0x00000000d5580000)
  object space 68608K, 28% used [0x0000000080000000,0x00000000813113a0,0x0000000084300000)
 Metaspace       used 32475K, committed 33408K, reserved 1114112K
  class space    used 3284K, committed 3712K, reserved 1048576K
}
Event: 6.071 GC heap after
{Heap after GC invocations=14 (full 1):
 PSYoungGen      total 24576K, used 2498K [0x00000000d5580000, 0x00000000d7100000, 0x0000000100000000)
  eden space 22016K, 0% used [0x00000000d5580000,0x00000000d5580000,0x00000000d6b00000)
  from space 2560K, 97% used [0x00000000d6b80000,0x00000000d6df0800,0x00000000d6e00000)
  to   space 3072K, 0% used [0x00000000d6e00000,0x00000000d6e00000,0x00000000d7100000)
 ParOldGen       total 68608K, used 22037K [0x0000000080000000, 0x0000000084300000, 0x00000000d5580000)
  object space 68608K, 32% used [0x0000000080000000,0x00000000815855d8,0x0000000084300000)
 Metaspace       used 32475K, committed 33408K, reserved 1114112K
  class space    used 3284K, committed 3712K, reserved 1048576K
}
Event: 6.099 GC heap before
{Heap before GC invocations=15 (full 1):
 PSYoungGen      total 24576K, used 24514K [0x00000000d5580000, 0x00000000d7100000, 0x0000000100000000)
  eden space 22016K, 100% used [0x00000000d5580000,0x00000000d6b00000,0x00000000d6b00000)
  from space 2560K, 97% used [0x00000000d6b80000,0x00000000d6df0800,0x00000000d6e00000)
  to   space 3072K, 0% used [0x00000000d6e00000,0x00000000d6e00000,0x00000000d7100000)
 ParOldGen       total 68608K, used 22037K [0x0000000080000000, 0x0000000084300000, 0x00000000d5580000)
  object space 68608K, 32% used [0x0000000080000000,0x00000000815855d8,0x0000000084300000)
 Metaspace       used 32503K, committed 33472K, reserved 1114112K
  class space    used 3284K, committed 3712K, reserved 1048576K
}
Event: 6.101 GC heap after
{Heap after GC invocations=15 (full 1):
 PSYoungGen      total 25088K, used 2660K [0x00000000d5580000, 0x00000000d7100000, 0x0000000100000000)
  eden space 22016K, 0% used [0x00000000d5580000,0x00000000d5580000,0x00000000d6b00000)
  from space 3072K, 86% used [0x00000000d6e00000,0x00000000d7099000,0x00000000d7100000)
  to   space 3072K, 0% used [0x00000000d6b00000,0x00000000d6b00000,0x00000000d6e00000)
 ParOldGen       total 68608K, used 24234K [0x0000000080000000, 0x0000000084300000, 0x00000000d5580000)
  object space 68608K, 35% used [0x0000000080000000,0x00000000817aa988,0x0000000084300000)
 Metaspace       used 32503K, committed 33472K, reserved 1114112K
  class space    used 3284K, committed 3712K, reserved 1048576K
}
Event: 6.133 GC heap before
{Heap before GC invocations=16 (full 1):
 PSYoungGen      total 25088K, used 24676K [0x00000000d5580000, 0x00000000d7100000, 0x0000000100000000)
  eden space 22016K, 100% used [0x00000000d5580000,0x00000000d6b00000,0x00000000d6b00000)
  from space 3072K, 86% used [0x00000000d6e00000,0x00000000d7099000,0x00000000d7100000)
  to   space 3072K, 0% used [0x00000000d6b00000,0x00000000d6b00000,0x00000000d6e00000)
 ParOldGen       total 68608K, used 24234K [0x0000000080000000, 0x0000000084300000, 0x00000000d5580000)
  object space 68608K, 35% used [0x0000000080000000,0x00000000817aa988,0x0000000084300000)
 Metaspace       used 32567K, committed 33600K, reserved 1114112K
  class space    used 3284K, committed 3712K, reserved 1048576K
}
Event: 6.134 GC heap after
{Heap after GC invocations=16 (full 1):
 PSYoungGen      total 24576K, used 2496K [0x00000000d5580000, 0x00000000d7000000, 0x0000000100000000)
  eden space 22016K, 0% used [0x00000000d5580000,0x00000000d5580000,0x00000000d6b00000)
  from space 2560K, 97% used [0x00000000d6b00000,0x00000000d6d70010,0x00000000d6d80000)
  to   space 2560K, 0% used [0x00000000d6d80000,0x00000000d6d80000,0x00000000d7000000)
 ParOldGen       total 68608K, used 26621K [0x0000000080000000, 0x0000000084300000, 0x00000000d5580000)
  object space 68608K, 38% used [0x0000000080000000,0x00000000819ff528,0x0000000084300000)
 Metaspace       used 32567K, committed 33600K, reserved 1114112K
  class space    used 3284K, committed 3712K, reserved 1048576K
}
Event: 6.159 GC heap before
{Heap before GC invocations=17 (full 1):
 PSYoungGen      total 24576K, used 24512K [0x00000000d5580000, 0x00000000d7000000, 0x0000000100000000)
  eden space 22016K, 100% used [0x00000000d5580000,0x00000000d6b00000,0x00000000d6b00000)
  from space 2560K, 97% used [0x00000000d6b00000,0x00000000d6d70010,0x00000000d6d80000)
  to   space 2560K, 0% used [0x00000000d6d80000,0x00000000d6d80000,0x00000000d7000000)
 ParOldGen       total 68608K, used 26621K [0x0000000080000000, 0x0000000084300000, 0x00000000d5580000)
  object space 68608K, 38% used [0x0000000080000000,0x00000000819ff528,0x0000000084300000)
 Metaspace       used 32600K, committed 33600K, reserved 1114112K
  class space    used 3286K, committed 3712K, reserved 1048576K
}
Event: 6.161 GC heap after
{Heap after GC invocations=17 (full 1):
 PSYoungGen      total 21504K, used 2552K [0x00000000d5580000, 0x00000000d7600000, 0x0000000100000000)
  eden space 18944K, 0% used [0x00000000d5580000,0x00000000d5580000,0x00000000d6800000)
  from space 2560K, 99% used [0x00000000d6d80000,0x00000000d6ffe2f8,0x00000000d7000000)
  to   space 5632K, 0% used [0x00000000d6800000,0x00000000d6800000,0x00000000d6d80000)
 ParOldGen       total 68608K, used 28933K [0x0000000080000000, 0x0000000084300000, 0x00000000d5580000)
  object space 68608K, 42% used [0x0000000080000000,0x0000000081c41538,0x0000000084300000)
 Metaspace       used 32600K, committed 33600K, reserved 1114112K
  class space    used 3286K, committed 3712K, reserved 1048576K
}
Event: 6.236 GC heap before
{Heap before GC invocations=18 (full 1):
 PSYoungGen      total 21504K, used 21496K [0x00000000d5580000, 0x00000000d7600000, 0x0000000100000000)
  eden space 18944K, 99% used [0x00000000d5580000,0x00000000d67ffef0,0x00000000d6800000)
  from space 2560K, 99% used [0x00000000d6d80000,0x00000000d6ffe2f8,0x00000000d7000000)
  to   space 5632K, 0% used [0x00000000d6800000,0x00000000d6800000,0x00000000d6d80000)
 ParOldGen       total 68608K, used 28939K [0x0000000080000000, 0x0000000084300000, 0x00000000d5580000)
  object space 68608K, 42% used [0x0000000080000000,0x0000000081c42d50,0x0000000084300000)
 Metaspace       used 33296K, committed 34240K, reserved 1114112K
  class space    used 3365K, committed 3776K, reserved 1048576K
}
Event: 6.238 GC heap after
{Heap after GC invocations=18 (full 1):
 PSYoungGen      total 24576K, used 1992K [0x00000000d5580000, 0x00000000d7100000, 0x0000000100000000)
  eden space 18944K, 0% used [0x00000000d5580000,0x00000000d5580000,0x00000000d6800000)
  from space 5632K, 35% used [0x00000000d6800000,0x00000000d69f2000,0x00000000d6d80000)
  to   space 3072K, 0% used [0x00000000d6e00000,0x00000000d6e00000,0x00000000d7100000)
 ParOldGen       total 68608K, used 31190K [0x0000000080000000, 0x0000000084300000, 0x00000000d5580000)
  object space 68608K, 45% used [0x0000000080000000,0x0000000081e75a68,0x0000000084300000)
 Metaspace       used 33296K, committed 34240K, reserved 1114112K
  class space    used 3365K, committed 3776K, reserved 1048576K
}
Event: 6.373 GC heap before
{Heap before GC invocations=19 (full 1):
 PSYoungGen      total 24576K, used 14557K [0x00000000d5580000, 0x00000000d7100000, 0x0000000100000000)
  eden space 18944K, 66% used [0x00000000d5580000,0x00000000d61c5480,0x00000000d6800000)
  from space 5632K, 35% used [0x00000000d6800000,0x00000000d69f2000,0x00000000d6d80000)
  to   space 3072K, 0% used [0x00000000d6e00000,0x00000000d6e00000,0x00000000d7100000)
 ParOldGen       total 68608K, used 31190K [0x0000000080000000, 0x0000000084300000, 0x00000000d5580000)
  object space 68608K, 45% used [0x0000000080000000,0x0000000081e75a68,0x0000000084300000)
 Metaspace       used 34837K, committed 35840K, reserved 1114112K
  class space    used 3562K, committed 4032K, reserved 1048576K
}
Event: 6.375 GC heap after
{Heap after GC invocations=19 (full 1):
 PSYoungGen      total 24064K, used 1976K [0x00000000d5580000, 0x00000000d7000000, 0x0000000100000000)
  eden space 22016K, 0% used [0x00000000d5580000,0x00000000d5580000,0x00000000d6b00000)
  from space 2048K, 96% used [0x00000000d6e00000,0x00000000d6fee378,0x00000000d7000000)
  to   space 2560K, 0% used [0x00000000d6b00000,0x00000000d6b00000,0x00000000d6d80000)
 ParOldGen       total 68608K, used 32876K [0x0000000080000000, 0x0000000084300000, 0x00000000d5580000)
  object space 68608K, 47% used [0x0000000080000000,0x000000008201b2e0,0x0000000084300000)
 Metaspace       used 34837K, committed 35840K, reserved 1114112K
  class space    used 3562K, committed 4032K, reserved 1048576K
}
Event: 6.375 GC heap before
{Heap before GC invocations=20 (full 2):
 PSYoungGen      total 24064K, used 1976K [0x00000000d5580000, 0x00000000d7000000, 0x0000000100000000)
  eden space 22016K, 0% used [0x00000000d5580000,0x00000000d5580000,0x00000000d6b00000)
  from space 2048K, 96% used [0x00000000d6e00000,0x00000000d6fee378,0x00000000d7000000)
  to   space 2560K, 0% used [0x00000000d6b00000,0x00000000d6b00000,0x00000000d6d80000)
 ParOldGen       total 68608K, used 32876K [0x0000000080000000, 0x0000000084300000, 0x00000000d5580000)
  object space 68608K, 47% used [0x0000000080000000,0x000000008201b2e0,0x0000000084300000)
 Metaspace       used 34837K, committed 35840K, reserved 1114112K
  class space    used 3562K, committed 4032K, reserved 1048576K
}

